Random seed = 2081894615
Running evolution experiment (on the T_search tasks)...
indivs=1000, elapsed_secs=4, mean=0.980469, stdev=0.000000, best fit=0.980469,
indivs=11000, elapsed_secs=52, mean=0.973742, stdev=0.080116, best fit=0.980469,
indivs=21000, elapsed_secs=106, mean=0.972781, stdev=0.085604, best fit=0.980469,
indivs=31000, elapsed_secs=164, mean=0.971820, stdev=0.090751, best fit=0.980469,
indivs=41000, elapsed_secs=223, mean=0.972781, stdev=0.085604, best fit=0.980469,
indivs=51000, elapsed_secs=282, mean=0.974703, stdev=0.074210, best fit=0.980469,
indivs=61000, elapsed_secs=343, mean=0.972781, stdev=0.085604, best fit=0.980469,
indivs=71000, elapsed_secs=407, mean=0.970859, stdev=0.095612, best fit=0.980469,
indivs=81000, elapsed_secs=472, mean=0.972781, stdev=0.085604, best fit=0.980469,
indivs=91000, elapsed_secs=540, mean=0.973742, stdev=0.080116, best fit=0.980469,
indivs=101000, elapsed_secs=610, mean=0.973742, stdev=0.080116, best fit=0.980469,
indivs=111000, elapsed_secs=681, mean=0.972781, stdev=0.085604, best fit=0.980469,
indivs=121000, elapsed_secs=752, mean=0.974703, stdev=0.074210, best fit=0.980469,
indivs=131000, elapsed_secs=821, mean=0.976625, stdev=0.060653, best fit=0.980469,
indivs=141000, elapsed_secs=886, mean=0.975664, stdev=0.067778, best fit=0.980469,
indivs=151000, elapsed_secs=954, mean=0.973742, stdev=0.080116, best fit=0.980469,
indivs=161000, elapsed_secs=1024, mean=0.974703, stdev=0.074210, best fit=0.980469,
indivs=171000, elapsed_secs=1094, mean=0.967516, stdev=0.109767, best fit=0.980469,
indivs=181000, elapsed_secs=1164, mean=0.970859, stdev=0.095612, best fit=0.980469,
indivs=191000, elapsed_secs=1233, mean=0.973281, stdev=0.081392, best fit=0.980469,
indivs=201000, elapsed_secs=1303, mean=0.973742, stdev=0.080116, best fit=0.980469,
indivs=211000, elapsed_secs=1373, mean=0.967977, stdev=0.108849, best fit=0.980469,
indivs=221000, elapsed_secs=1443, mean=0.971820, stdev=0.090751, best fit=0.980469,
indivs=231000, elapsed_secs=1514, mean=0.968941, stdev=0.104632, best fit=0.980517,
indivs=241000, elapsed_secs=1584, mean=0.951223, stdev=0.164497, best fit=0.980517,
indivs=251000, elapsed_secs=1659, mean=0.953145, stdev=0.159126, best fit=0.980517,
indivs=261000, elapsed_secs=1739, mean=0.952645, stdev=0.161259, best fit=0.980517,
indivs=271000, elapsed_secs=1821, mean=0.948802, stdev=0.171667, best fit=0.980517,
indivs=281000, elapsed_secs=1905, mean=0.949302, stdev=0.169676, best fit=0.980517,
indivs=291000, elapsed_secs=1990, mean=0.956588, stdev=0.148208, best fit=0.980517,
indivs=301000, elapsed_secs=2076, mean=0.944497, stdev=0.181891, best fit=0.980517,
indivs=311000, elapsed_secs=2162, mean=0.950823, stdev=0.164916, best fit=0.980517,
indivs=321000, elapsed_secs=2254, mean=0.940193, stdev=0.191474, best fit=0.980517,
indivs=331000, elapsed_secs=2346, mean=0.950727, stdev=0.165195, best fit=0.980517,
indivs=341000, elapsed_secs=2438, mean=0.939692, stdev=0.193216, best fit=0.980517,
indivs=351000, elapsed_secs=2531, mean=0.943998, stdev=0.183737, best fit=0.980517,
indivs=361000, elapsed_secs=2627, mean=0.950569, stdev=0.165623, best fit=0.980517,
indivs=371000, elapsed_secs=2724, mean=0.937771, stdev=0.197532, best fit=0.980517,
indivs=381000, elapsed_secs=2823, mean=0.952089, stdev=0.162123, best fit=0.980517,
indivs=391000, elapsed_secs=2925, mean=0.948803, stdev=0.171667, best fit=0.980517,
indivs=401000, elapsed_secs=3029, mean=0.948401, stdev=0.172062, best fit=0.980517,
indivs=411000, elapsed_secs=3134, mean=0.955530, stdev=0.152927, best fit=0.980517,
indivs=421000, elapsed_secs=3239, mean=0.949609, stdev=0.168214, best fit=0.980517,
indivs=431000, elapsed_secs=3348, mean=0.950724, stdev=0.166556, best fit=0.980517,
indivs=441000, elapsed_secs=3460, mean=0.964179, stdev=0.124227, best fit=0.980517,
indivs=451000, elapsed_secs=3574, mean=0.950263, stdev=0.167109, best fit=0.980517,
indivs=461000, elapsed_secs=3688, mean=0.951225, stdev=0.164497, best fit=0.980517,
indivs=471000, elapsed_secs=3800, mean=0.957452, stdev=0.147078, best fit=0.980517,
indivs=481000, elapsed_secs=3912, mean=0.954569, stdev=0.155760, best fit=0.980517,
indivs=491000, elapsed_secs=4025, mean=0.947940, stdev=0.172592, best fit=0.980517,
indivs=501000, elapsed_secs=4138, mean=0.945519, stdev=0.179395, best fit=0.980517,
indivs=511000, elapsed_secs=4251, mean=0.947842, stdev=0.174158, best fit=0.980517,
indivs=521000, elapsed_secs=4365, mean=0.958413, stdev=0.144055, best fit=0.980517,
indivs=531000, elapsed_secs=4476, mean=0.957050, stdev=0.146032, best fit=0.980517,
indivs=541000, elapsed_secs=4584, mean=0.945920, stdev=0.179022, best fit=0.980517,
indivs=551000, elapsed_secs=4691, mean=0.950302, stdev=0.165619, best fit=0.980517,
indivs=561000, elapsed_secs=4797, mean=0.956491, stdev=0.150034, best fit=0.980517,
indivs=571000, elapsed_secs=4902, mean=0.947842, stdev=0.174158, best fit=0.980517,
indivs=581000, elapsed_secs=5008, mean=0.943537, stdev=0.184222, best fit=0.980517,
indivs=591000, elapsed_secs=5113, mean=0.946420, stdev=0.177122, best fit=0.980517,
indivs=601000, elapsed_secs=5224, mean=0.945862, stdev=0.177889, best fit=0.980517,
indivs=611000, elapsed_secs=5338, mean=0.950764, stdev=0.165058, best fit=0.980517,
indivs=621000, elapsed_secs=5449, mean=0.946881, stdev=0.176609, best fit=0.980517,
indivs=631000, elapsed_secs=5562, mean=0.951686, stdev=0.163932, best fit=0.980517,
indivs=641000, elapsed_secs=5675, mean=0.950668, stdev=0.165339, best fit=0.980517,
indivs=651000, elapsed_secs=5787, mean=0.955530, stdev=0.152927, best fit=0.980517,
indivs=661000, elapsed_secs=5899, mean=0.946881, stdev=0.176609, best fit=0.980517,
indivs=671000, elapsed_secs=6012, mean=0.952284, stdev=0.160148, best fit=0.980517,
indivs=681000, elapsed_secs=6125, mean=0.954168, stdev=0.156208, best fit=0.980517,
Experiment done. Retrieving candidate algorithm.
Search fitness for candidate algorithm = 0.980517
Evaluating candidate algorithm from experiment (on T_select tasks)... 
Select fitness for candidate algorithm = 0.980517
Select fitness is the best so far. 

Final evaluation of best algorithm (on unseen tasks)...
Final evaluation fitness (on unseen data) = 0.980517
Algorithm found: 
def Setup():
  s11 = heaviside(s5, 1.0)
  s31 = s25 * s26
  s23 = mean(v1)
  s24 = s1 + s2
  s11 = s27 * s28
def Predict():
  s17 = s23 * s16
  s26 = s21 + s32
  s26 = heaviside(s17, 1.0)
  s1 = s8 + s6
  s6 = s1 * s13
  s4 = s18 * s9
  s27 = mean(v10)
  s8 = heaviside(s33, 1.0)
  s26 = mean(v8)
  s13 = s6 + s3
  s11 = s19 * s25
def Learn():
  s4 = s33 + s3
  s22 = s1 + s26
  s14 = heaviside(s3, 1.0)
  s19 = heaviside(s33, 1.0)
  s2 = s8 * s27
  s16 = s2 + s5
  s3 = s25 * s0
  s12 = s33 + s26
  s18 = s23 * s18
  s31 = s9 + s20
  s11 = s12 * s24
  s8 = mean(v2)
  s25 = s24 + s25
  s12 = mean(v10)
  s14 = s0 + s28